*** Started: 2023-05-26T17:00:06 ***

## Prepare input files for Cellosaurus
# Checking lock file input/cellosaurus/download.lock for download
# Local file time:  2023-03-21 17:18:14 +0900 (input/cellosaurus/cellosaurus.txt)
# Remote file time: 2023-03-21 08:18:14 +0000 (https://ftp.expasy.org/databases/cellosaurus/cellosaurus.txt)
# Local file size:  90921515 (input/cellosaurus/cellosaurus.txt)
# Remote file size: 90921515 (https://ftp.expasy.org/databases/cellosaurus/cellosaurus.txt)
# Preserving timestamp of the input/cellosaurus/download.lock
## Prepare input files for Ensembl
# Checking lock file input/ensembl/download.lock for download
# File input/ensembl/taxonomy.txt is created 6.999735995000556 days ago (will be updated when >7 days)
# Preserving timestamp of the input/ensembl/download.lock
## Prepare input files for Homologene
# Checking lock file input/homologene/download.lock for download
rake aborted!
ArgumentError: no time information in ""
/data/togoid/git/togoid-config/Rakefile:361:in `check_remote_file_time'
/data/togoid/git/togoid-config/Rakefile:301:in `update_input_file?'
/data/togoid/git/togoid-config/Rakefile:468:in `block (3 levels) in <top (required)>'
/data/togoid/git/togoid-config/Rakefile:314:in `block in download_lock'
/data/togoid/git/togoid-config/Rakefile:311:in `open'
/data/togoid/git/togoid-config/Rakefile:311:in `download_lock'
/data/togoid/git/togoid-config/Rakefile:464:in `block (2 levels) in <top (required)>'
Tasks: TOP => default => prepare:all => prepare:homologene
(See full trace by running task with --trace)
